2016-06-06 17:52:47,403 [ERROR]  No GeoTIFFs found in the input folder
2016-06-06 17:58:22,674 [INFO ]  Only one minx found: 1999999.999999999
2016-06-06 17:58:22,674 [INFO ]  Only one miny found: 1000000.0000000009
2016-06-06 17:58:22,674 [INFO ]  Only one maxx found: 6525999.999999999
2016-06-06 17:58:22,674 [INFO ]  Only one maxy found: 5410000.000000001
2016-06-06 17:58:57,970 [INFO ]  Only one minx found: 1999999.999999999
2016-06-06 17:58:57,970 [INFO ]  Only one miny found: 1000000.0000000009
2016-06-06 17:58:57,970 [INFO ]  Only one maxx found: 6525999.999999999
2016-06-06 17:58:57,970 [INFO ]  Only one maxy found: 5410000.000000001
2016-06-06 17:59:32,508 [INFO ]  Only one minx found: 1999999.999999999
2016-06-06 17:59:32,509 [INFO ]  Only one miny found: 1000000.0000000009
2016-06-06 17:59:32,509 [INFO ]  Only one maxx found: 6525999.999999999
2016-06-06 17:59:32,509 [INFO ]  Only one maxy found: 5410000.000000001
2016-06-06 18:13:45,358 [INFO ]  Only one minx found: 1999999.999999999
2016-06-06 18:13:45,358 [INFO ]  Only one miny found: 1000000.0000000009
2016-06-06 18:13:45,358 [INFO ]  Only one maxx found: 6525999.999999999
2016-06-06 18:13:45,359 [INFO ]  Only one maxy found: 5410000.000000001
2016-06-07 14:34:40,652 [INFO ]  Only one minx found: 1999999.999999999
2016-06-07 14:34:40,652 [INFO ]  Only one miny found: 1000000.0000000009
2016-06-07 14:34:40,652 [INFO ]  Only one maxx found: 6525999.999999999
2016-06-07 14:34:40,652 [INFO ]  Only one maxy found: 5410000.000000001
2016-06-07 15:09:59,451 [INFO ]  Only one minx found: 1999999.999999999
2016-06-07 15:09:59,451 [INFO ]  Only one miny found: 1000000.0000000009
2016-06-07 15:09:59,452 [INFO ]  Only one maxx found: 6525999.999999999
2016-06-07 15:09:59,452 [INFO ]  Only one maxy found: 5410000.000000001
2016-06-07 15:12:52,957 [INFO ]  Only one minx found: 1999999.999999999
2016-06-07 15:12:52,957 [INFO ]  Only one miny found: 1000000.0000000009
2016-06-07 15:12:52,957 [INFO ]  Only one maxx found: 6525999.999999999
2016-06-07 15:12:52,957 [INFO ]  Only one maxy found: 5410000.000000001
2016-06-07 15:14:24,177 [INFO ]  Only one minx found: 1999999.999999999
2016-06-07 15:14:24,178 [INFO ]  Only one miny found: 1000000.0000000009
2016-06-07 15:14:24,178 [INFO ]  Only one maxx found: 6525999.999999999
2016-06-07 15:14:24,178 [INFO ]  Only one maxy found: 5410000.000000001
